<?xml version="1.0" encoding="UTF-8"?>
<robot generator="Robot 7.1 (Python 3.12.6 on win32)" generated="2024-09-26T22:40:04.817279" rpa="false" schemaversion="5">
<suite id="s1" name="Desafio Automacao Intermediario" source="C:\AuthTreinamento\AutomacaoWeb\AuthRobotFramework\Desafio_Automacao_Intermediario">
<suite id="s1-s1" name="Test" source="C:\AuthTreinamento\AutomacaoWeb\AuthRobotFramework\Desafio_Automacao_Intermediario\test">
<suite id="s1-s1-s1" name="Features" source="C:\AuthTreinamento\AutomacaoWeb\AuthRobotFramework\Desafio_Automacao_Intermediario\test\features">
<suite id="s1-s1-s1-s1" name="Cadastro" source="C:\AuthTreinamento\AutomacaoWeb\AuthRobotFramework\Desafio_Automacao_Intermediario\test\features\cadastro.robot">
<test id="s1-s1-s1-s1-t1" name="Criação de Conta no Marketplace" line="6">
<kw name="Acessa Pagina Marketplace" owner="cadastro_kws">
<kw name="New Browser" owner="Browser">
<msg time="2024-09-26T22:40:06.294129" level="INFO">{"browser": "chromium", "headless": false, "chromiumSandbox": false, "devtools": false, "handleSIGHUP": true, "handleSIGINT": true, "handleSIGTERM": true, "slowMo": 0.0, "timeout": 30000.0, "tracesDir": "C:\\AuthTreinamento\\AutomacaoWeb\\AuthRobotFramework\\Desafio_Automacao_Intermediario\\results\\browser\\traces\\ae2191cd-c2d1-4501-84b4-4a09350b5631"}</msg>
<msg time="2024-09-26T22:40:06.835827" level="INFO">Successfully created browser with options: {"browser":"chromium","headless":false,"chromiumSandbox":false,"devtools":false,"handleSIGHUP":true,"handleSIGINT":true,"handleSIGTERM":true,"slowMo":0,"timeout":30000,"tracesDir":"C:\\AuthTreinamento\\AutomacaoWeb\\AuthRobotFramework\\Desafio_Automacao_Intermediario\\results\\browser\\traces\\ae2191cd-c2d1-4501-84b4-4a09350b5631"}</msg>
<arg>chromium</arg>
<arg>headless=False</arg>
<tag>BrowserControl</tag>
<tag>Setter</tag>
<doc>Create a new playwright Browser with specified options.</doc>
<status status="PASS" start="2024-09-26T22:40:06.293130" elapsed="0.543699"/>
</kw>
<kw name="New Page" owner="Browser">
<msg time="2024-09-26T22:40:09.797703" level="INFO">Successfully initialized new page object and opened url: https://automationtest.shop/index.php</msg>
<msg time="2024-09-26T22:40:09.797703" level="INFO">No context was open. New context was automatically opened when this page is created.</msg>
<arg>${URL}</arg>
<arg>wait_until=load</arg>
<tag>BrowserControl</tag>
<tag>Setter</tag>
<doc>Open a new Page.</doc>
<status status="PASS" start="2024-09-26T22:40:06.836829" elapsed="2.961872"/>
</kw>
<kw name="Wait For Elements State" owner="Browser">
<msg time="2024-09-26T22:40:09.840703" level="INFO">Waited for Element with selector css=a.login at state visible</msg>
<arg>${sign_in}</arg>
<arg>visible</arg>
<arg>10s</arg>
<tag>PageContent</tag>
<tag>Wait</tag>
<doc>Waits for the element found by ``selector`` to satisfy state option.</doc>
<status status="PASS" start="2024-09-26T22:40:09.798701" elapsed="0.042999"/>
</kw>
<doc>Acessar a página Marketplace</doc>
<status status="PASS" start="2024-09-26T22:40:06.292131" elapsed="3.549569"/>
</kw>
<kw name="Clicar no link Sign in" owner="cadastro_kws">
<kw name="Click" owner="Browser">
<msg time="2024-09-26T22:40:09.844705" level="INFO">Clicks the element 'css=a.login'.</msg>
<arg>${sign_in}</arg>
<tag>PageContent</tag>
<tag>Setter</tag>
<doc>Simulates mouse click on the element found by ``selector``.</doc>
<status status="PASS" start="2024-09-26T22:40:09.843701" elapsed="0.691872"/>
</kw>
<kw name="Wait For Elements State" owner="Browser">
<msg time="2024-09-26T22:40:10.788517" level="INFO">Waited for Element with selector xpath=//form[@id='create-account_form'] at state visible</msg>
<arg>${create_account_form}</arg>
<arg>visible</arg>
<arg>10s</arg>
<tag>PageContent</tag>
<tag>Wait</tag>
<doc>Waits for the element found by ``selector`` to satisfy state option.</doc>
<status status="PASS" start="2024-09-26T22:40:10.535573" elapsed="0.252944"/>
</kw>
<doc>Clicar no link Sign in</doc>
<status status="PASS" start="2024-09-26T22:40:09.842696" elapsed="0.945821"/>
</kw>
<kw name="Inserir Endereco de Email" owner="cadastro_kws">
<kw name="Fill Text" owner="Browser">
<msg time="2024-09-26T22:40:10.791543" level="INFO">Fills the text 'test_user@example.com' in the given field.</msg>
<arg>${email_create_field}</arg>
<arg>test_user@example.com</arg>
<tag>PageContent</tag>
<tag>Setter</tag>
<doc>Clears and fills the given ``txt`` into the text field found by ``selector``.</doc>
<status status="PASS" start="2024-09-26T22:40:10.790514" elapsed="0.031713"/>
</kw>
<doc>Insere o email para criar uma nova conta</doc>
<status status="PASS" start="2024-09-26T22:40:10.789517" elapsed="0.032710"/>
</kw>
<kw name="Clicar Botao Create Account" owner="cadastro_kws">
<kw name="Click" owner="Browser">
<msg time="2024-09-26T22:40:10.824234" level="INFO">Clicks the element 'id=SubmitCreate'.</msg>
<arg>${submit_create_button}</arg>
<tag>PageContent</tag>
<tag>Setter</tag>
<doc>Simulates mouse click on the element found by ``selector``.</doc>
<status status="PASS" start="2024-09-26T22:40:10.824234" elapsed="0.071785"/>
</kw>
<doc>Clica no botão de criação de conta</doc>
<status status="PASS" start="2024-09-26T22:40:10.823197" elapsed="0.072822"/>
</kw>
<kw name="Fechar navegador" owner="cadastro_kws">
<kw name="Close Browser" owner="Browser">
<msg time="2024-09-26T22:40:11.166615" level="INFO">Closed browser</msg>
<tag>BrowserControl</tag>
<tag>Setter</tag>
<doc>Closes the current browser.</doc>
<status status="PASS" start="2024-09-26T22:40:10.897019" elapsed="0.270611"/>
</kw>
<doc>Fecha o navegador ao final do teste</doc>
<status status="PASS" start="2024-09-26T22:40:10.897019" elapsed="0.270611"/>
</kw>
<doc>Teste de criação de conta na página Marketplace</doc>
<status status="PASS" start="2024-09-26T22:40:06.288138" elapsed="4.880488"/>
</test>
<status status="PASS" start="2024-09-26T22:40:04.852280" elapsed="6.349883"/>
</suite>
<status status="PASS" start="2024-09-26T22:40:04.849280" elapsed="6.362880"/>
</suite>
<status status="PASS" start="2024-09-26T22:40:04.844281" elapsed="6.371886"/>
</suite>
<status status="PASS" start="2024-09-26T22:40:04.822281" elapsed="6.395880"/>
</suite>
<statistics>
<total>
<stat pass="1" fail="0" skip="0">All Tests</stat>
</total>
<tag>
</tag>
<suite>
<stat pass="1" fail="0" skip="0" id="s1" name="Desafio Automacao Intermediario">Desafio Automacao Intermediario</stat>
<stat pass="1" fail="0" skip="0" id="s1-s1" name="Test">Desafio Automacao Intermediario.Test</stat>
<stat pass="1" fail="0" skip="0" id="s1-s1-s1" name="Features">Desafio Automacao Intermediario.Test.Features</stat>
<stat pass="1" fail="0" skip="0" id="s1-s1-s1-s1" name="Cadastro">Desafio Automacao Intermediario.Test.Features.Cadastro</stat>
</suite>
</statistics>
<errors>
</errors>
</robot>
